[2018-10-14 11:36:41] {"m":"SP","s":"rq","d":{"p":"-----BEGIN PUBLIC KEY-----\nMIIBIjANBgkqhkiG9w0BAQEFAAOCAQ8AMIIBCgKCAQEA3aHRxrevMfEHkAVIN9it\n9MZqhpPYxXV7rpebXiSw2vYy+F+2/1AgbibfaXxNPnFGCCH69kttknA97f8HdbcX\nSe1nWOFhWAxbYAYU2pjEMj+wKTrdZFa55E+d2yvwRkzsBeuzpRRNvIIKF1pYCdwx\n+idhYNFkeBLniJG0q1CY56zuzZQDFAzW7s6qEdHOJaEkZvmW3tQdT6hyFNAjk6m5\nfa0VxGpA3TBbmnD70MQehO/jXe3I8dMlTxS+mo1iBaVKanCz8sYkalv1DOK9dXGQ\nk4YIXnkn5OOXJ1A1TRlm09nzCOEAquFF52/CSSsHUIyPR93YEKk7Nwx9nLGd24f2\nAwIDAQAB\n-----END PUBLIC KEY-----\n"}}
[2018-10-14 11:36:41] {"m":"SP","s":"rs","d":"ecN8ai0rmsjzOElVUTDIroPets09SHY1BzerywVrJJum8b80aaUo/GjPc3UIluduGTC6m1NQIW+NhT6C8yUIFYlDDfXFvZ6R3D9N2XSj+Lx0+A/eCMGbIDx7bES/LeijzmcRaVD+3zIxIbTgct3CDkie3Zo4g7h00JqwQ5rdn6lTOrZ38/EihH9RuX5Ge1GjjKhUV1LHqfUY5YLhNbA012CvN+ahpmt17ju6eMkzEZw40LZls6gLKrjIhZ5Tex4SJCV1eLnjfnr14AtiOl/5bL/PzlZg1MWzV97Tk2O2rOKbFrf5aOzpGQX9oYw5Zw8eFCD90ml4uBD80MzKcoMxvg=="}
[2018-10-14 11:36:41] {"m":"CS","s":"rq","d":{"m":"CE","d":{"t":"2375e7a6-bf80-fe0e-7fcf-67522395c4bd","m":"daemon","k":"WHATAKEY","o":"admin","s":"Another Service","od":"0.0.0.0"}}}
[2018-10-14 11:36:41] {"m":"CS","s":"rs","d":{"m":"CE","d":{"t":"2375e7a6-bf80-fe0e-7fcf-67522395c4bd","i":null}}}
[2018-10-14 11:36:43] {"m":"SP","s":"rq","d":{"p":"-----BEGIN PUBLIC KEY-----\nMIIBIjANBgkqhkiG9w0BAQEFAAOCAQ8AMIIBCgKCAQEA3aHRxrevMfEHkAVIN9it\n9MZqhpPYxXV7rpebXiSw2vYy+F+2/1AgbibfaXxNPnFGCCH69kttknA97f8HdbcX\nSe1nWOFhWAxbYAYU2pjEMj+wKTrdZFa55E+d2yvwRkzsBeuzpRRNvIIKF1pYCdwx\n+idhYNFkeBLniJG0q1CY56zuzZQDFAzW7s6qEdHOJaEkZvmW3tQdT6hyFNAjk6m5\nfa0VxGpA3TBbmnD70MQehO/jXe3I8dMlTxS+mo1iBaVKanCz8sYkalv1DOK9dXGQ\nk4YIXnkn5OOXJ1A1TRlm09nzCOEAquFF52/CSSsHUIyPR93YEKk7Nwx9nLGd24f2\nAwIDAQAB\n-----END PUBLIC KEY-----\n"}}
[2018-10-14 11:36:43] {"m":"SP","s":"rs","d":"mvdO2fjW6HU7TkEKXZRhBtIQ/wMG56IhS72Pw81ySRNjUa5mAqVW0MjaY72qhKg7MMmNrClluwY2RDCKLamQ5pOEgd9u0sZwnZ9OI0AwHda5K8X8p5qE3wBTZt3lmjIqzGp0UGJkLXkjYPCXx4prfLxehrI0b1GTcUB2RaeV8OAViOCVQiOTOaIoxc/sX5jTJz9W86xqNJ0rVK14P8JjfsYyo9CwI/oYSEoXsJ79I4wAiLRu3KzYyfYs5c8rzfEp56zkcFU3qp6+HgezZ5EmiNWWXMTu61A5jsVbROrph3p6TJPqRESzrdtAyxPH7i1X+8S4w7DXT0u6gjhaC8R/KA=="}
[2018-10-14 11:36:43] {"m":"CS","s":"rq","d":{"m":"CE","d":{"t":"2f96e79d-3321-126d-91d1-733cbe000d60","o":"admin","m":"normal","s":"NoShell","od":"0.0.0.0"}}}
[2018-10-14 11:36:43] {"m":"CS","s":"rs","d":{"m":"CE","d":{"t":"2f96e79d-3321-126d-91d1-733cbe000d60","i":"_4sj54dqtb"}}}
[2018-10-14 11:36:43] {"m":"CS","s":"rq","d":{"m":"VE","d":{"i":"_4sj54dqtb"}}}
[2018-10-14 11:36:43] {"m":"CS","s":"rs","d":{"m":"VE","d":{"i":"_4sj54dqtb","s":"OK"}}}
[2018-10-14 11:36:43] {"m":"CS","s":"rq","d":{"m":"JF","d":{"i":"_4sj54dqtb","n":"welcome","j":"null","t":"_uhaakllkt"}}}
[2018-10-14 11:36:43] {"m":"AU","s":"rq","d":{"m":"TK","d":{"t":"2f3c5735-dbf7-f8fe-448a-62bd83365eb0"}}}
[2018-10-14 11:36:44] {"m":"GT","s":"rq","d":{"u":"admin","p":"admin"}}
[2018-10-14 11:36:44] {"m":"GT","s":"rs","d":{"t":"6937e8a6-e8cf-6ea9-6859-3b5f953b7a11","s":"OK"}}
[2018-10-14 11:36:45] {"m":"CS","s":"rq","d":{"m":"JF","d":{"i":"_4sj54dqtb","n":"sendC","j":"{\"c\":\"l\"}","t":"_cqlhu0uq6"}}}
[2018-10-14 11:36:45] {"m":"AU","s":"rq","d":{"m":"TK","d":{"t":"b9d8f7e8-9bda-0fad-cd78-90703d5b5c6b"}}}
[2018-10-14 11:36:45] {"m":"AU","s":"rs","d":{"m":"TK","d":{"t":"b9d8f7e8-9bda-0fad-cd78-90703d5b5c6b","v":"6937e8a6-e8cf-6ea9-6859-3b5f953b7a11"}}}
[2018-10-14 11:36:45] {"m":"CS","s":"rs","d":{"m":"JF","d":{"t":"_cqlhu0uq6","i":"_4sj54dqtb","s":"OK","r":"{\"r\":\"Unknown command. Start at token \\\"l\\\".\"}"}}}
[2018-10-14 11:37:04] {"m":"SP","s":"rs","d":"FWccp6JGMN2ShKYr9Nv7F25vRdHBg4pDpMbnRZyPhOAWGTJTDK39epMj9RCvNeFVeOwmIXfRmWHzGt+UMdiJ0fui9/e63/2Z4sOtywI37xYSMB9P1jnmsVxDLxMEbLEOwv365BPfC3ASCjnosoFbEVwrvhNoWb+HV4XzOfapgL6SbLnOewg3ib2sAMKy74Y0zg64A1CQpFqTM48g/behOV8G/L1h5PzK1zB7m5wJH8nP0XxUq3/+vGr2JV73bnWff3vs6hlXxVydkkG8ljtbFHRZMjUK/RlMJ4yOXavB6Cp0nH7DMmwgsbqZ9z7R+mDhxAhumeMyuA1nfkn4wqJISA=="}
[2018-10-14 11:37:04] {"m":"CS","s":"rq","d":{"m":"CE","d":{"t":"07116a9c-3845-cdc8-a04c-e2c86f0b4a9d","o":null,"m":"normal","s":"Noversi","od":"127.0.0.1"}}}
[2018-10-14 11:37:04] {"m":"CS","s":"rq","d":{"m":"VE","d":{"i":"_jjfn1wjgb"}}}
[2018-10-14 11:37:04] {"m":"CS","s":"rq","d":{"m":"JF","d":{"i":"_jjfn1wjgb","n":"joinMatch","j":"null","t":"_clr2u4jcj"}}}
[2018-10-14 11:38:32] {"m":"CS","s":"rq","d":{"m":"CE","d":{"t":"d63a33b5-6b3f-db9c-1d3d-0b9ee8252998","m":"daemon","k":"WHATAKEY","o":"admin","s":"Another Service","od":"0.0.0.0"}}}
[2018-10-14 11:38:32] {"m":"CS","s":"rs","d":{"m":"CE","d":{"t":"d63a33b5-6b3f-db9c-1d3d-0b9ee8252998","i":null}}}
[2018-10-14 11:38:37] {"m":"CS","s":"rq","d":{"m":"CE","d":{"t":"0f9f9f58-9480-f398-bfb5-96b70318fa9b","o":"admin","m":"normal","s":"Noversi","od":"127.0.0.1"}}}
[2018-10-14 11:38:37] {"m":"CS","s":"rq","d":{"m":"VE","d":{"i":"_jk26y3xq1"}}}
[2018-10-14 11:38:37] {"m":"CS","s":"rq","d":{"m":"JF","d":{"i":"_jk26y3xq1","n":"joinMatch","j":"null","t":"_5w9n5okx3"}}}
[2018-10-14 11:38:37] {"m":"AU","s":"rs","d":{"m":"TK","d":{"t":"2a778164-2efa-5bf6-de24-f0b9c37871cb","v":"f3bd893c-b0b9-36e7-8e09-b4de70e058dd"}}}
[2018-10-14 11:38:39] {"m":"GT","s":"rq","d":{"u":"admin","p":"admin"}}
[2018-10-14 11:38:39] {"m":"CS","s":"rq","d":{"m":"CE","d":{"t":"126f9a14-cb18-8d81-a6e2-259f9135565e","o":"admin","m":"normal","s":"Noversi","od":"127.0.0.1"}}}
[2018-10-14 11:38:39] {"m":"CS","s":"rq","d":{"m":"VE","d":{"i":"_2r2xtiiwe"}}}
[2018-10-14 11:38:39] {"m":"CS","s":"rq","d":{"m":"JF","d":{"i":"_2r2xtiiwe","n":"joinMatch","j":"null","t":"_ao0djqifn"}}}
[2018-10-14 11:38:39] {"m":"AU","s":"rs","d":{"m":"TK","d":{"t":"38294fdc-d10d-0b4c-b0c6-a45e847f68c0","v":"6937e8a6-e8cf-6ea9-6859-3b5f953b7a11"}}}
[2018-10-14 11:38:47] {"m":"CA","s":"rs","d":{"m":"AS","d":{"i":"_2r2xtiiwe","s":"OK"}}}
[2018-10-14 11:38:49] {"m":"CS","s":"rq","d":{"m":"JF","d":{"i":"_2r2xtiiwe","n":"dropChess","j":"{\"r\":4,\"c\":5}","t":"_95hnxhvuc"}}}
[2018-10-14 11:38:50] {"m":"CS","s":"rq","d":{"m":"JF","d":{"i":"_2r2xtiiwe","n":"dropChess","j":"{\"r\":4,\"c\":5}","t":"_huqt06o00"}}}
[2018-10-14 11:38:50] {"m":"CS","s":"rq","d":{"m":"JF","d":{"i":"_2r2xtiiwe","n":"dropChess","j":"{\"r\":4,\"c\":5}","t":"_ybbuknpog"}}}
[2018-10-14 11:38:50] {"m":"CS","s":"rq","d":{"m":"JF","d":{"i":"_2r2xtiiwe","n":"dropChess","j":"{\"r\":4,\"c\":5}","t":"_hb8j0dkgf"}}}
[2018-10-14 11:38:51] {"m":"CS","s":"rq","d":{"m":"JF","d":{"i":"_2r2xtiiwe","n":"dropChess","j":"{\"r\":4,\"c\":5}","t":"_ylxq4t3mi"}}}
[2018-10-14 11:38:51] {"m":"CS","s":"rq","d":{"m":"JF","d":{"i":"_2r2xtiiwe","n":"dropChess","j":"{\"r\":4,\"c\":5}","t":"_koipaxlx5"}}}
[2018-10-14 11:38:51] {"m":"CS","s":"rq","d":{"m":"JF","d":{"i":"_2r2xtiiwe","n":"dropChess","j":"{\"r\":4,\"c\":5}","t":"_74rlfe3s9"}}}
[2018-10-14 11:38:51] {"m":"CS","s":"rq","d":{"m":"JF","d":{"i":"_2r2xtiiwe","n":"dropChess","j":"{\"r\":4,\"c\":5}","t":"_llwfv0t6q"}}}
[2018-10-14 11:38:51] {"m":"CS","s":"rq","d":{"m":"JF","d":{"i":"_2r2xtiiwe","n":"dropChess","j":"{\"r\":4,\"c\":5}","t":"_0vpnu2pqe"}}}
[2018-10-14 11:40:03] {"m":"CS","s":"rq","d":{"m":"CE","d":{"t":"8707f726-5713-5c58-45ba-6c27db1f9675","m":"daemon","k":"WHATAKEY","o":"admin","s":"Another Service","od":"0.0.0.0"}}}
[2018-10-14 11:40:03] {"m":"CS","s":"rs","d":{"m":"CE","d":{"t":"8707f726-5713-5c58-45ba-6c27db1f9675","i":null}}}
[2018-10-14 11:40:08] {"m":"CS","s":"rq","d":{"m":"CE","d":{"t":"b4e2acdc-66a9-f4f1-90ea-5cf06dde5e87","o":"admin","m":"normal","s":"Noversi","od":"127.0.0.1"}}}
[2018-10-14 11:40:08] {"m":"CS","s":"rq","d":{"m":"VE","d":{"i":"_diqh8kafl"}}}
[2018-10-14 11:40:08] {"m":"CS","s":"rq","d":{"m":"JF","d":{"i":"_diqh8kafl","n":"joinMatch","j":"null","t":"_glyjeelg9"}}}
[2018-10-14 11:40:08] {"m":"AU","s":"rs","d":{"m":"TK","d":{"t":"134d1856-2ab3-ea62-4aae-9f30d6b94699","v":"6937e8a6-e8cf-6ea9-6859-3b5f953b7a11"}}}
[2018-10-14 11:40:16] {"m":"CA","s":"rs","d":{"m":"AS","d":{"i":"_diqh8kafl","s":"OK"}}}
[2018-10-14 11:40:21] {"m":"CS","s":"rq","d":{"m":"JF","d":{"i":"_diqh8kafl","n":"dropChess","j":"{\"r\":4,\"c\":5}","t":"_rloomknl4"}}}
[2018-10-14 11:40:21] {"m":"CA","s":"rs","d":{"m":"AS","d":{"i":"_diqh8kafl","s":"OK"}}}
[2018-10-14 11:40:41] {"m":"CA","s":"rs","d":{"m":"AS","d":{"i":"_diqh8kafl","s":"OK"}}}
[2018-10-14 11:40:46] {"m":"CS","s":"rq","d":{"m":"JF","d":{"i":"_diqh8kafl","n":"joinMatch","j":"null","t":"_fgbf9bagu"}}}
[2018-10-14 11:45:11] {"m":"CS","s":"rq","d":{"m":"CE","d":{"t":"e261ab10-703c-19c4-ac7d-56c4fde46516","o":"admin","m":"normal","s":"Noversi","od":"127.0.0.1"}}}
[2018-10-14 11:45:11] {"m":"CS","s":"rq","d":{"m":"VE","d":{"i":"_j6ljxd2z8"}}}
[2018-10-14 11:45:11] {"m":"CS","s":"rq","d":{"m":"JF","d":{"i":"_j6ljxd2z8","n":"joinMatch","j":"null","t":"_ex9qdoemz"}}}
[2018-10-14 11:45:11] {"m":"AU","s":"rs","d":{"m":"TK","d":{"t":"4c14af9b-ca51-8379-a392-1ab975cd574a","v":"6937e8a6-e8cf-6ea9-6859-3b5f953b7a11"}}}
[2018-10-14 11:45:19] {"m":"CA","s":"rs","d":{"m":"AS","d":{"i":"_j6ljxd2z8","s":"OK"}}}
[2018-10-14 11:45:29] {"m":"CS","s":"rq","d":{"m":"CE","d":{"t":"1356a8ab-413f-ccdc-cf63-bf4e11b0c5b4","o":"admin","m":"normal","s":"Noversi","od":"127.0.0.1"}}}
[2018-10-14 11:45:29] {"m":"CS","s":"rq","d":{"m":"VE","d":{"i":"_swegwvotq"}}}
[2018-10-14 11:45:29] {"m":"CS","s":"rq","d":{"m":"JF","d":{"i":"_swegwvotq","n":"joinMatch","j":"null","t":"_756dzscis"}}}
[2018-10-14 11:45:29] {"m":"AU","s":"rs","d":{"m":"TK","d":{"t":"7aaaeec1-9622-38c4-fcf1-368d1feb81b9","v":"6937e8a6-e8cf-6ea9-6859-3b5f953b7a11"}}}
[2018-10-14 11:47:43] {"m":"CS","s":"rq","d":{"m":"CE","d":{"t":"fe4c03cf-0636-5089-ddba-8bf0452461a1","m":"daemon","k":"WHATAKEY","o":"admin","s":"Another Service","od":"0.0.0.0"}}}
[2018-10-14 11:47:43] {"m":"CS","s":"rs","d":{"m":"CE","d":{"t":"fe4c03cf-0636-5089-ddba-8bf0452461a1","i":null}}}
[2018-10-14 11:47:50] {"m":"CS","s":"rq","d":{"m":"CE","d":{"t":"789e6969-f05b-6a4a-be51-d250f613f096","o":"admin","m":"normal","s":"Noversi","od":"127.0.0.1"}}}
[2018-10-14 11:47:50] {"m":"CS","s":"rq","d":{"m":"VE","d":{"i":"_0h8dtfnt5"}}}
[2018-10-14 11:47:50] {"m":"CS","s":"rq","d":{"m":"JF","d":{"i":"_0h8dtfnt5","n":"joinMatch","j":"null","t":"_uw58sqww7"}}}
[2018-10-14 11:47:50] {"m":"AU","s":"rs","d":{"m":"TK","d":{"t":"988b81ab-b1be-ea11-cb18-e5fd09b6d1ad","v":"6937e8a6-e8cf-6ea9-6859-3b5f953b7a11"}}}
[2018-10-14 11:47:58] {"m":"CA","s":"rs","d":{"m":"AS","d":{"i":"_0h8dtfnt5","s":"OK"}}}
[2018-10-14 11:47:59] {"m":"CS","s":"rq","d":{"m":"JF","d":{"i":"_0h8dtfnt5","n":"dropChess","j":"{\"r\":4,\"c\":5}","t":"_lxj8kq7b9"}}}
[2018-10-14 11:48:00] {"m":"CA","s":"rs","d":{"m":"AS","d":{"i":"_0h8dtfnt5","s":"OK"}}}
[2018-10-14 11:48:02] {"m":"CA","s":"rs","d":{"m":"AS","d":{"i":"_0h8dtfnt5","s":"OK"}}}
[2018-10-14 11:48:20] {"m":"CA","s":"rs","d":{"m":"AS","d":{"i":"_0h8dtfnt5","s":"OK"}}}
[2018-10-14 11:48:27] {"m":"CS","s":"rq","d":{"m":"JF","d":{"i":"_0h8dtfnt5","n":"joinMatch","j":"null","t":"_2uuutcu2w"}}}
[2018-10-14 11:48:35] {"m":"CA","s":"rs","d":{"m":"AS","d":{"i":"_0h8dtfnt5","s":"OK"}}}
[2018-10-14 11:48:45] {"m":"CS","s":"rq","d":{"m":"CE","d":{"t":"1afbcfa8-f20f-e4ee-e0df-c08fc5a0bc04","o":"admin","m":"normal","s":"Noversi","od":"127.0.0.1"}}}
[2018-10-14 11:48:45] {"m":"CS","s":"rq","d":{"m":"VE","d":{"i":"_ur1cdkkim"}}}
[2018-10-14 11:48:45] {"m":"CS","s":"rq","d":{"m":"JF","d":{"i":"_ur1cdkkim","n":"joinMatch","j":"null","t":"_vhnbvatzt"}}}
[2018-10-14 11:48:45] {"m":"AU","s":"rs","d":{"m":"TK","d":{"t":"2163d836-c16a-610a-7013-71b0770b2fe3","v":"6937e8a6-e8cf-6ea9-6859-3b5f953b7a11"}}}
[2018-10-14 11:48:50] {"m":"CS","s":"rq","d":{"m":"CE","d":{"t":"ad7326b1-91f2-f972-cb1a-7c20e930633c","o":"admin","m":"normal","s":"Noversi","od":"127.0.0.1"}}}
[2018-10-14 11:48:50] {"m":"CS","s":"rq","d":{"m":"VE","d":{"i":"_pfiu3ou0m"}}}
[2018-10-14 11:48:50] {"m":"CS","s":"rq","d":{"m":"JF","d":{"i":"_pfiu3ou0m","n":"joinMatch","j":"null","t":"_llk00zxzc"}}}
[2018-10-14 11:48:50] {"m":"AU","s":"rs","d":{"m":"TK","d":{"t":"c1db4529-da16-d2dc-bc62-329719af276c","v":"6937e8a6-e8cf-6ea9-6859-3b5f953b7a11"}}}
[2018-10-14 11:48:51] {"m":"CS","s":"rq","d":{"m":"CE","d":{"t":"0976b059-9795-6aa9-4297-4d4686dec093","o":"admin","m":"normal","s":"Noversi","od":"127.0.0.1"}}}
[2018-10-14 11:48:51] {"m":"CS","s":"rq","d":{"m":"VE","d":{"i":"_trixd99sw"}}}
[2018-10-14 11:48:51] {"m":"CS","s":"rq","d":{"m":"JF","d":{"i":"_trixd99sw","n":"joinMatch","j":"null","t":"_0bikbb3rr"}}}
[2018-10-14 11:48:51] {"m":"AU","s":"rs","d":{"m":"TK","d":{"t":"87eb3c8b-9ed3-894c-7900-b14c059c7af1","v":"6937e8a6-e8cf-6ea9-6859-3b5f953b7a11"}}}
[2018-10-14 11:49:02] {"m":"CS","s":"rq","d":{"m":"CE","d":{"t":"543829d5-6d7a-2714-d77f-4c4b63dd8296","o":"admin","m":"normal","s":"Noversi","od":"127.0.0.1"}}}
[2018-10-14 11:49:02] {"m":"CS","s":"rq","d":{"m":"VE","d":{"i":"_n1abe0ps8"}}}
[2018-10-14 11:49:02] {"m":"CS","s":"rq","d":{"m":"JF","d":{"i":"_n1abe0ps8","n":"joinMatch","j":"null","t":"_tsn0ud6hd"}}}
[2018-10-14 11:49:02] {"m":"AU","s":"rs","d":{"m":"TK","d":{"t":"1e603790-91e0-ed42-1582-865dab2cd1b4","v":"6937e8a6-e8cf-6ea9-6859-3b5f953b7a11"}}}
[2018-10-14 11:49:14] {"m":"CS","s":"rq","d":{"m":"CE","d":{"t":"a8d482ce-d8d1-69ad-96cd-dd6d78adcf3c","o":"admin","m":"normal","s":"Noversi","od":"127.0.0.1"}}}
[2018-10-14 11:49:14] {"m":"CS","s":"rq","d":{"m":"VE","d":{"i":"_gqr4eer5w"}}}
[2018-10-14 11:49:14] {"m":"CS","s":"rq","d":{"m":"JF","d":{"i":"_gqr4eer5w","n":"joinMatch","j":"null","t":"_dzl0ly4yq"}}}
[2018-10-14 11:49:14] {"m":"AU","s":"rs","d":{"m":"TK","d":{"t":"7dcb17f8-344b-0be2-1d4f-21c1dd1c3f13","v":"6937e8a6-e8cf-6ea9-6859-3b5f953b7a11"}}}
[2018-10-14 11:49:22] {"m":"CA","s":"rs","d":{"m":"AS","d":{"i":"_gqr4eer5w","s":"OK"}}}
[2018-10-14 11:49:52] {"m":"CA","s":"rs","d":{"m":"AS","d":{"i":"_gqr4eer5w","s":"OK"}}}
[2018-10-14 11:49:56] {"m":"CS","s":"rq","d":{"m":"CE","d":{"t":"781202c5-26bd-653b-2125-ef4d6371c7c6","o":"admin","m":"normal","s":"Noversi","od":"127.0.0.1"}}}
[2018-10-14 11:49:56] {"m":"CS","s":"rq","d":{"m":"VE","d":{"i":"_n75crx1n8"}}}
[2018-10-14 11:49:56] {"m":"CS","s":"rq","d":{"m":"JF","d":{"i":"_n75crx1n8","n":"joinMatch","j":"null","t":"_284n4b6lo"}}}
[2018-10-14 11:49:56] {"m":"AU","s":"rs","d":{"m":"TK","d":{"t":"2d518e9e-d3fa-3462-deff-4d66b77592f6","v":"6937e8a6-e8cf-6ea9-6859-3b5f953b7a11"}}}
[2018-10-14 11:50:04] {"m":"CA","s":"rs","d":{"m":"AS","d":{"i":"_n75crx1n8","s":"OK"}}}
[2018-10-14 11:50:05] {"m":"CS","s":"rq","d":{"m":"JF","d":{"i":"_n75crx1n8","n":"dropChess","j":"{\"r\":4,\"c\":5}","t":"_f5zguzdnd"}}}
[2018-10-14 11:50:06] {"m":"CA","s":"rs","d":{"m":"AS","d":{"i":"_n75crx1n8","s":"OK"}}}
[2018-10-14 11:50:07] {"m":"CA","s":"rs","d":{"m":"AS","d":{"i":"_n75crx1n8","s":"OK"}}}
[2018-10-14 11:50:09] {"m":"CS","s":"rq","d":{"m":"JF","d":{"i":"_n75crx1n8","n":"dropChess","j":"{\"r\":2,\"c\":4}","t":"_7s67xxrif"}}}
[2018-10-14 11:50:09] {"m":"CA","s":"rs","d":{"m":"AS","d":{"i":"_n75crx1n8","s":"OK"}}}
[2018-10-14 11:50:10] {"m":"CA","s":"rs","d":{"m":"AS","d":{"i":"_n75crx1n8","s":"OK"}}}
[2018-10-14 11:50:12] {"m":"CS","s":"rq","d":{"m":"JF","d":{"i":"_n75crx1n8","n":"dropChess","j":"{\"r\":5,\"c\":2}","t":"_sg9rltbk7"}}}
[2018-10-14 11:50:12] {"m":"CA","s":"rs","d":{"m":"AS","d":{"i":"_n75crx1n8","s":"OK"}}}
[2018-10-14 11:50:14] {"m":"CA","s":"rs","d":{"m":"AS","d":{"i":"_n75crx1n8","s":"OK"}}}
[2018-10-14 11:50:16] {"m":"CA","s":"rs","d":{"m":"AS","d":{"i":"_n75crx1n8","s":"OK"}}}
[2018-10-14 11:50:16] {"m":"CS","s":"rq","d":{"m":"JF","d":{"i":"_n75crx1n8","n":"dropChess","j":"{\"r\":5,\"c\":4}","t":"_wtxvtg9ol"}}}
[2018-10-14 11:50:16] {"m":"CA","s":"rs","d":{"m":"AS","d":{"i":"_n75crx1n8","s":"OK"}}}
[2018-10-14 11:50:18] {"m":"CA","s":"rs","d":{"m":"AS","d":{"i":"_n75crx1n8","s":"OK"}}}
[2018-10-14 11:50:19] {"m":"CS","s":"rq","d":{"m":"JF","d":{"i":"_n75crx1n8","n":"quitMatch","j":"null","t":"_uielfr18z"}}}
[2018-10-14 11:50:19] {"m":"CA","s":"rs","d":{"m":"AS","d":{"i":"_n75crx1n8","s":"OK"}}}
